<?xml version="1.0" encoding="UTF-8"?>
<testsuite xmlns:xsi="http://www.w3.org/2001/XMLSchema-instance" xsi:noNamespaceSchemaLocation="https://maven.apache.org/surefire/maven-surefire-plugin/xsd/surefire-test-report-3.0.xsd" version="3.0" name="com.parkit.parkingsystem.mockito.ParkingServiceTest" time="0.66" tests="6" errors="0" skipped="0" failures="0">
  <properties>
    <property name="java.specification.version" value="17"/>
    <property name="maven.user.extensions" value="C:\Users\User/.m2/extensions.xml"/>
    <property name="sun.cpu.isalist" value="amd64"/>
    <property name="sun.jnu.encoding" value="Cp1252"/>
    <property name="java.class.path" value="C:\Users\User\OneDrive\Desktop\Y.Ouicha\OpenClassrooms\Projet_N4\ouicha-hammou-yassine-parkingsystem\target\test-classes;C:\Users\User\OneDrive\Desktop\Y.Ouicha\OpenClassrooms\Projet_N4\ouicha-hammou-yassine-parkingsystem\target\classes;C:\Users\User\.m2\repository\org\apache\logging\log4j\log4j-api\2.12.1\log4j-api-2.12.1.jar;C:\Users\User\.m2\repository\org\apache\logging\log4j\log4j-core\2.12.1\log4j-core-2.12.1.jar;C:\Users\User\.m2\repository\mysql\mysql-connector-java\8.0.17\mysql-connector-java-8.0.17.jar;C:\Users\User\.m2\repository\com\google\protobuf\protobuf-java\3.6.1\protobuf-java-3.6.1.jar;C:\Users\User\.m2\repository\org\junit\jupiter\junit-jupiter-api\5.3.2\junit-jupiter-api-5.3.2.jar;C:\Users\User\.m2\repository\org\apiguardian\apiguardian-api\1.0.0\apiguardian-api-1.0.0.jar;C:\Users\User\.m2\repository\org\opentest4j\opentest4j\1.1.1\opentest4j-1.1.1.jar;C:\Users\User\.m2\repository\org\junit\platform\junit-platform-commons\1.3.2\junit-platform-commons-1.3.2.jar;C:\Users\User\.m2\repository\org\junit\jupiter\junit-jupiter-engine\5.3.2\junit-jupiter-engine-5.3.2.jar;C:\Users\User\.m2\repository\org\junit\platform\junit-platform-engine\1.3.2\junit-platform-engine-1.3.2.jar;C:\Users\User\.m2\repository\org\mockito\mockito-junit-jupiter\2.23.4\mockito-junit-jupiter-2.23.4.jar;C:\Users\User\.m2\repository\org\mockito\mockito-core\2.23.4\mockito-core-2.23.4.jar;C:\Users\User\.m2\repository\net\bytebuddy\byte-buddy\1.9.3\byte-buddy-1.9.3.jar;C:\Users\User\.m2\repository\net\bytebuddy\byte-buddy-agent\1.9.3\byte-buddy-agent-1.9.3.jar;C:\Users\User\.m2\repository\org\objenesis\objenesis\2.6\objenesis-2.6.jar;"/>
    <property name="java.vm.vendor" value="Oracle Corporation"/>
    <property name="sun.arch.data.model" value="64"/>
    <property name="user.variant" value=""/>
    <property name="maven.user.toolchains" value="C:\Users\User/.m2/toolchains.xml"/>
    <property name="java.vendor.url" value="https://java.oracle.com/"/>
    <property name="user.timezone" value="Europe/Zurich"/>
    <property name="os.name" value="Windows 11"/>
    <property name="java.vm.specification.version" value="17"/>
    <property name="maven.repo.central" value="https://repo.maven.apache.org/maven2"/>
    <property name="sun.java.launcher" value="SUN_STANDARD"/>
    <property name="user.country" value="FR"/>
    <property name="session.topDirectory" value="C:\Users\User\OneDrive\Desktop\Y.Ouicha\OpenClassrooms\Projet_N4\ouicha-hammou-yassine-parkingsystem"/>
    <property name="sun.boot.library.path" value="C:\Program Files\Java\jdk-17\bin"/>
    <property name="sun.java.command" value="C:\Users\User\AppData\Local\Temp\surefire4389135839779817953\surefirebooter9207805478286307181.jar C:\Users\User\AppData\Local\Temp\surefire4389135839779817953 2025-02-07T16-02-59_774-jvmRun1 surefire5033433774424222983tmp surefire_04008422878250782699tmp"/>
    <property name="maven.project.settings" value="${session.rootDirectory}/.mvn/settings.xml"/>
    <property name="jdk.debug" value="release"/>
    <property name="surefire.test.class.path" value="C:\Users\User\OneDrive\Desktop\Y.Ouicha\OpenClassrooms\Projet_N4\ouicha-hammou-yassine-parkingsystem\target\test-classes;C:\Users\User\OneDrive\Desktop\Y.Ouicha\OpenClassrooms\Projet_N4\ouicha-hammou-yassine-parkingsystem\target\classes;C:\Users\User\.m2\repository\org\apache\logging\log4j\log4j-api\2.12.1\log4j-api-2.12.1.jar;C:\Users\User\.m2\repository\org\apache\logging\log4j\log4j-core\2.12.1\log4j-core-2.12.1.jar;C:\Users\User\.m2\repository\mysql\mysql-connector-java\8.0.17\mysql-connector-java-8.0.17.jar;C:\Users\User\.m2\repository\com\google\protobuf\protobuf-java\3.6.1\protobuf-java-3.6.1.jar;C:\Users\User\.m2\repository\org\junit\jupiter\junit-jupiter-api\5.3.2\junit-jupiter-api-5.3.2.jar;C:\Users\User\.m2\repository\org\apiguardian\apiguardian-api\1.0.0\apiguardian-api-1.0.0.jar;C:\Users\User\.m2\repository\org\opentest4j\opentest4j\1.1.1\opentest4j-1.1.1.jar;C:\Users\User\.m2\repository\org\junit\platform\junit-platform-commons\1.3.2\junit-platform-commons-1.3.2.jar;C:\Users\User\.m2\repository\org\junit\jupiter\junit-jupiter-engine\5.3.2\junit-jupiter-engine-5.3.2.jar;C:\Users\User\.m2\repository\org\junit\platform\junit-platform-engine\1.3.2\junit-platform-engine-1.3.2.jar;C:\Users\User\.m2\repository\org\mockito\mockito-junit-jupiter\2.23.4\mockito-junit-jupiter-2.23.4.jar;C:\Users\User\.m2\repository\org\mockito\mockito-core\2.23.4\mockito-core-2.23.4.jar;C:\Users\User\.m2\repository\net\bytebuddy\byte-buddy\1.9.3\byte-buddy-1.9.3.jar;C:\Users\User\.m2\repository\net\bytebuddy\byte-buddy-agent\1.9.3\byte-buddy-agent-1.9.3.jar;C:\Users\User\.m2\repository\org\objenesis\objenesis\2.6\objenesis-2.6.jar;"/>
    <property name="sun.cpu.endian" value="little"/>
    <property name="user.home" value="C:\Users\User"/>
    <property name="user.language" value="fr"/>
    <property name="java.specification.vendor" value="Oracle Corporation"/>
    <property name="java.version.date" value="2024-07-16"/>
    <property name="java.home" value="C:\Program Files\Java\jdk-17"/>
    <property name="maven.user.conf" value="C:\Users\User/.m2"/>
    <property name="file.separator" value="\"/>
    <property name="basedir" value="C:\Users\User\OneDrive\Desktop\Y.Ouicha\OpenClassrooms\Projet_N4\ouicha-hammou-yassine-parkingsystem"/>
    <property name="java.vm.compressedOopsMode" value="Zero based"/>
    <property name="line.separator" value="&#10;"/>
    <property name="java.vm.specification.vendor" value="Oracle Corporation"/>
    <property name="java.specification.name" value="Java Platform API Specification"/>
    <property name="maven.project.conf" value="${session.rootDirectory}/.mvn"/>
    <property name="surefire.real.class.path" value="C:\Users\User\AppData\Local\Temp\surefire4389135839779817953\surefirebooter9207805478286307181.jar"/>
    <property name="user.script" value=""/>
    <property name="sun.management.compiler" value="HotSpot 64-Bit Tiered Compilers"/>
    <property name="java.runtime.version" value="17.0.12+8-LTS-286"/>
    <property name="user.name" value="User"/>
    <property name="maven.installation.conf" value="C:\Maven/conf"/>
    <property name="path.separator" value=";"/>
    <property name="os.version" value="10.0"/>
    <property name="java.runtime.name" value="Java(TM) SE Runtime Environment"/>
    <property name="file.encoding" value="Cp1252"/>
    <property name="maven.installation.toolchains" value="C:\Maven/conf/toolchains.xml"/>
    <property name="java.vm.name" value="Java HotSpot(TM) 64-Bit Server VM"/>
    <property name="maven.project.extensions" value="${session.rootDirectory}/.mvn/extensions.xml"/>
    <property name="localRepository" value="C:\Users\User\.m2\repository"/>
    <property name="java.vendor.url.bug" value="https://bugreport.java.com/bugreport/"/>
    <property name="java.io.tmpdir" value="C:\Users\User\AppData\Local\Temp\"/>
    <property name="maven.installation.extensions" value="C:\Maven/conf/extensions.xml"/>
    <property name="java.version" value="17.0.12"/>
    <property name="user.dir" value="C:\Users\User\OneDrive\Desktop\Y.Ouicha\OpenClassrooms\Projet_N4\ouicha-hammou-yassine-parkingsystem"/>
    <property name="os.arch" value="amd64"/>
    <property name="java.vm.specification.name" value="Java Virtual Machine Specification"/>
    <property name="sun.os.patch.level" value=""/>
    <property name="native.encoding" value="Cp1252"/>
    <property name="java.library.path" value="C:\Program Files\Java\jdk-17\bin;C:\WINDOWS\Sun\Java\bin;C:\WINDOWS\system32;C:\WINDOWS;C:\Program Files\Common Files\Oracle\Java\javapath;C:\WINDOWS\system32;C:\WINDOWS;C:\WINDOWS\System32\Wbem;C:\WINDOWS\System32\WindowsPowerShell\v1.0\;C:\WINDOWS\System32\OpenSSH\;C:\Program Files\dotnet\;C:\Program Files\Java\jdk-23\bin;C:\Program Files\Docker\Docker\resources\bin;C:\Program Files\nodejs\;C:\Program Files (x86)\Intel\Intel(R) Management Engine Components\DAL;C:\Program Files\Intel\Intel(R) Management Engine Components\DAL;C:\Program Files\PowerShell\7\;C:\Windows\System32;C:\Windows\System32\;C:\Program Files\Git\cmd;C:\Program Files\MySQL\MySQL Shell 8.0\bin\;C:\Users\User\AppData\Local\Programs\Python\Python313\Scripts\;C:\Users\User\AppData\Local\Programs\Python\Python313\;C:\Users\User\AppData\Local\Programs\Python\Launcher\;C:\Users\User\AppData\Local\Microsoft\WindowsApps;C:\Program Files\JetBrains\IntelliJ IDEA Community Edition 2024.3.1\bin;;C:\Users\User\AppData\Local\Programs\Microsoft VS Code\bin;C:\Users\User\AppData\Roaming\npm;C:\Maven\bin;C:\Windows\System32\;C:\Windows\System32;;."/>
    <property name="java.vm.info" value="mixed mode, sharing"/>
    <property name="java.vendor" value="Oracle Corporation"/>
    <property name="java.vm.version" value="17.0.12+8-LTS-286"/>
    <property name="maven.installation.settings" value="C:\Maven/conf/settings.xml"/>
    <property name="sun.io.unicode.encoding" value="UnicodeLittle"/>
    <property name="maven.user.settings" value="C:\Users\User/.m2/settings.xml"/>
    <property name="java.class.version" value="61.0"/>
  </properties>
  <testcase name="testGetNextParkingNumberIfAvailableParkingNumberNotFound" classname="com.parkit.parkingsystem.mockito.ParkingServiceTest" time="0.131"/>
  <testcase name="processExitingVehicleTestUnableUpdate" classname="com.parkit.parkingsystem.mockito.ParkingServiceTest" time="0.007"/>
  <testcase name="testGetNextParkingNumberIfAvailableParkingNumberWrongArgument" classname="com.parkit.parkingsystem.mockito.ParkingServiceTest" time="0.427"/>
  <testcase name="testGetNextParkingNumberIfAvailable" classname="com.parkit.parkingsystem.mockito.ParkingServiceTest" time="0.04"/>
  <testcase name="processExitingVehicleTest" classname="com.parkit.parkingsystem.mockito.ParkingServiceTest" time="0.011"/>
  <testcase name="testProcessIncomingVehicle" classname="com.parkit.parkingsystem.mockito.ParkingServiceTest" time="0.025"/>
</testsuite>